<?xml version="1.0" encoding="UTF-8"?>
<!-- Generated by org.testng.reporters.JUnitReportReporter -->
<testsuite hostname="TrexaiiMae" failures="0" tests="1" name="ECommerce.AddtoCart" time="13.958" errors="0" timestamp="2025-09-04T16:10:21 CST" skipped="0">
  <testcase classname="ECommerce.AddtoCart" name="testAddItemsAndVerifyCart" time="13.958"/>
</testsuite> <!-- ECommerce.AddtoCart -->
